#
# There is insufficient memory for the Java Runtime Environment to continue.
# Native memory allocation (mmap) failed to map 528482304 bytes for G1 virtual space
# Possible reasons:
#   The system is out of physical RAM or swap space
#   The process is running with CompressedOops enabled, and the Java Heap may be blocking the growth of the native heap
# Possible solutions:
#   Reduce memory load on the system
#   Increase physical memory or swap space
#   Check if swap backing store is full
#   Decrease Java heap size (-Xmx/-Xms)
#   Decrease number of Java threads
#   Decrease Java thread stack sizes (-Xss)
#   Set larger code cache with -XX:ReservedCodeCacheSize=
#   JVM is running with Zero Based Compressed Oops mode in which the Java heap is
#     placed in the first 32GB address space. The Java Heap base address is the
#     maximum limit for the native heap growth. Please use -XX:HeapBaseMinAddress
#     to set the Java Heap base and to place the Java Heap above 32GB virtual address.
# This output file may be truncated or incomplete.
#
#  Out of Memory Error (os_windows.cpp:3825), pid=34484, tid=35916
#
# JRE version:  (17.0.10) (build )
# Java VM: OpenJDK 64-Bit Server VM (17.0.10+0--11572160, mixed mode, sharing, tiered, compressed oops, compressed class ptrs, g1 gc, windows-amd64)
# No core dump will be written. Minidumps are not enabled by default on client versions of Windows
#

---------------  S U M M A R Y ------------

Command Line: git4idea.http.GitAskPassApp Username for 'https://github.com': 

Host: AMD Ryzen 7 5800H with Radeon Graphics         , 16 cores, 31G,  Windows 11 , 64 bit Build 22621 (10.0.22621.3672)
Time: Sun Jun 16 12:58:57 2024 SE Asia Standard Time elapsed time: 0.011435 seconds (0d 0h 0m 0s)

---------------  T H R E A D  ---------------

Current thread (0x000002454c4e8dd0):  JavaThread "Unknown thread" [_thread_in_vm, id=35916, stack(0x000000d03bb00000,0x000000d03bc00000)]

Stack: [0x000000d03bb00000,0x000000d03bc00000]
Native frames: (J=compiled Java code, j=interpreted, Vv=VM code, C=native code)
V  [jvm.dll+0x688e89]
V  [jvm.dll+0x84247a]
V  [jvm.dll+0x8440be]
V  [jvm.dll+0x844723]
V  [jvm.dll+0x24be0f]
V  [jvm.dll+0x685c59]
V  [jvm.dll+0x67a50a]
V  [jvm.dll+0x30cbab]
V  [jvm.dll+0x314056]
V  [jvm.dll+0x363dce]
V  [jvm.dll+0x363fff]
V  [jvm.dll+0x2e2978]
V  [jvm.dll+0x2e38e4]
V  [jvm.dll+0x813011]
V  [jvm.dll+0x371c81]
V  [jvm.dll+0x7f1b66]
V  [jvm.dll+0x3f58df]
V  [jvm.dll+0x3f7511]
C  [jli.dll+0x528f]
C  [ucrtbase.dll+0x29333]
C  [KERNEL32.DLL+0x1257d]
C  [ntdll.dll+0x5aa48]


---------------  P R O C E S S  ---------------

Threads class SMR info:
_java_thread_list=0x00007ffccca1ef58, length=0, elements={
}

Java Threads: ( => current thread )

Other Threads:
  0x0000024571d0fc50 GCTaskThread "GC Thread#0" [stack: 0x000000d03bc00000,0x000000d03bd00000] [id=3412]
  0x000002454c5681c0 ConcurrentGCThread "G1 Main Marker" [stack: 0x000000d03bd00000,0x000000d03be00000] [id=23168]
  0x000002454c569750 ConcurrentGCThread "G1 Conc#0" [stack: 0x000000d03be00000,0x000000d03bf00000] [id=17772]

[error occurred during error reporting (printing all threads), id 0xc0000005, EXCEPTION_ACCESS_VIOLATION (0xc0000005) at pc=0x00007ffccc1d3547]

VM state: not at safepoint (not fully initialized)

VM Mutex/Monitor currently owned by a thread:  ([mutex/lock_event])
[0x000002454c4e76c0] Heap_lock - owner thread: 0x000002454c4e8dd0

Heap address: 0x000000060a400000, size: 8028 MB, Compressed Oops mode: Zero based, Oop shift amount: 3

CDS archive(s) mapped at: [0x0000000000000000-0x0000000000000000-0x0000000000000000), size 0, SharedBaseAddress: 0x0000000800000000, ArchiveRelocationMode: 1.
Narrow klass base: 0x0000000000000000, Narrow klass shift: 0, Narrow klass range: 0x0

GC Precious Log:
<Empty>

Heap:
 garbage-first heap   total 0K, used 0K [0x000000060a400000, 0x0000000800000000)
  region size 4096K, 0 young (0K), 0 survivors (0K)
 Metaspace       used 0K, committed 0K, reserved 0K
  class space    used 0K, committed 0K, reserved 0K

Heap Regions: E=young(eden), S=young(survivor), O=old, HS=humongous(starts), HC=humongous(continues), CS=collection set, F=free, OA=open archive, CA=closed archive, TAMS=top-at-mark-start (previous, next)

Card table byte_map: [0x00000245601c0000,0x0000024561170000] _byte_map_base: 0x000002455d16e000

Marking Bits (Prev, Next): (CMBitMap*) 0x000002454c557c70, (CMBitMap*) 0x000002454c557cb0
 Prev Bits: [0x0000024562120000, 0x0000024569e90000)
 Next Bits: [0x0000024569e90000, 0x0000024571c00000)

GC Heap History (0 events):
No events

Dll operation events (1 events):
Event: 0.006 Loaded shared library C:\Program Files\Android\Android Studio\jbr\bin\java.dll

Deoptimization events (0 events):
No events

Classes unloaded (0 events):
No events

Classes redefined (0 events):
No events

Internal exceptions (0 events):
No events

VM Operations (0 events):
No events

Events (0 events):
No events


Dynamic libraries:
0x00007ff7b95c0000 - 0x00007ff7b95ca000 	C:\Program Files\Android\Android Studio\jbr\bin\java.exe
0x00007ffd04510000 - 0x00007ffd04727000 	C:\WINDOWS\SYSTEM32\ntdll.dll
0x00007ffd022c0000 - 0x00007ffd02384000 	C:\WINDOWS\System32\KERNEL32.DLL
0x00007ffd01aa0000 - 0x00007ffd01e4c000 	C:\WINDOWS\System32\KERNELBASE.dll
0x000000006caf0000 - 0x000000006ce22000 	C:\Program Files\Norton Security\NortonData\22.23.5.106\Definitions\IPSDefs\20240412.064\IPSEng64.dll
0x00007ffd03d20000 - 0x00007ffd03dd2000 	C:\WINDOWS\System32\ADVAPI32.dll
0x00007ffd03060000 - 0x00007ffd03107000 	C:\WINDOWS\System32\msvcrt.dll
0x00007ffd02470000 - 0x00007ffd02518000 	C:\WINDOWS\System32\sechost.dll
0x00007ffd021f0000 - 0x00007ffd02218000 	C:\WINDOWS\System32\bcrypt.dll
0x00007ffd03f10000 - 0x00007ffd04025000 	C:\WINDOWS\System32\RPCRT4.dll
0x00007ffd02990000 - 0x00007ffd02998000 	C:\WINDOWS\System32\PSAPI.DLL
0x00007ffd01e50000 - 0x00007ffd01f61000 	C:\WINDOWS\System32\ucrtbase.dll
0x00007ffcef9c0000 - 0x00007ffcef9db000 	C:\Program Files\Android\Android Studio\jbr\bin\VCRUNTIME140.dll
0x00007ffce0100000 - 0x00007ffce0117000 	C:\Program Files\Android\Android Studio\jbr\bin\jli.dll
0x00007ffd031b0000 - 0x00007ffd0335e000 	C:\WINDOWS\System32\USER32.dll
0x00007ffd02220000 - 0x00007ffd02246000 	C:\WINDOWS\System32\win32u.dll
0x00007ffcec5e0000 - 0x00007ffcec873000 	C:\WINDOWS\WinSxS\amd64_microsoft.windows.common-controls_6595b64144ccf1df_6.0.22621.3672_none_2713b9d173822955\COMCTL32.dll
0x00007ffd03180000 - 0x00007ffd031a9000 	C:\WINDOWS\System32\GDI32.dll
0x00007ffd01980000 - 0x00007ffd01a99000 	C:\WINDOWS\System32\gdi32full.dll
0x00007ffd01f70000 - 0x00007ffd0200a000 	C:\WINDOWS\System32\msvcp_win.dll
0x00007ffd029c0000 - 0x00007ffd029f1000 	C:\WINDOWS\System32\IMM32.DLL
0x00007ffcf94a0000 - 0x00007ffcf94ac000 	C:\Program Files\Android\Android Studio\jbr\bin\vcruntime140_1.dll
0x00007ffceda50000 - 0x00007ffcedadd000 	C:\Program Files\Android\Android Studio\jbr\bin\msvcp140.dll
0x00007ffccbee0000 - 0x00007ffcccb63000 	C:\Program Files\Android\Android Studio\jbr\bin\server\jvm.dll
0x00007ffcfc420000 - 0x00007ffcfc454000 	C:\WINDOWS\SYSTEM32\WINMM.dll
0x00007ffce63b0000 - 0x00007ffce63b9000 	C:\WINDOWS\SYSTEM32\WSOCK32.dll
0x00007ffd01700000 - 0x00007ffd0174d000 	C:\WINDOWS\SYSTEM32\POWRPROF.dll
0x00007ffcfc460000 - 0x00007ffcfc46a000 	C:\WINDOWS\SYSTEM32\VERSION.dll
0x00007ffd03e90000 - 0x00007ffd03f01000 	C:\WINDOWS\System32\WS2_32.dll
0x00007ffd016e0000 - 0x00007ffd016f3000 	C:\WINDOWS\SYSTEM32\UMPDC.dll
0x00007ffd00840000 - 0x00007ffd00858000 	C:\WINDOWS\SYSTEM32\kernel.appcore.dll
0x00007ffcfe520000 - 0x00007ffcfe52a000 	C:\Program Files\Android\Android Studio\jbr\bin\jimage.dll
0x00007ffcff240000 - 0x00007ffcff472000 	C:\WINDOWS\SYSTEM32\DBGHELP.DLL
0x00007ffd04030000 - 0x00007ffd043b8000 	C:\WINDOWS\System32\combase.dll
0x00007ffd02390000 - 0x00007ffd02467000 	C:\WINDOWS\System32\OLEAUT32.dll
0x00007ffcfc6d0000 - 0x00007ffcfc702000 	C:\WINDOWS\SYSTEM32\dbgcore.DLL
0x00007ffd01900000 - 0x00007ffd0197b000 	C:\WINDOWS\System32\bcryptPrimitives.dll
0x00007ffcfc010000 - 0x00007ffcfc035000 	C:\Program Files\Android\Android Studio\jbr\bin\java.dll

dbghelp: loaded successfully - version: 4.0.5 - missing functions: none
symbol engine: initialized successfully - sym options: 0x614 - pdb path: .;C:\Program Files\Android\Android Studio\jbr\bin;C:\WINDOWS\SYSTEM32;C:\Program Files\Norton Security\NortonData\22.23.5.106\Definitions\IPSDefs\20240412.064;C:\WINDOWS\WinSxS\amd64_microsoft.windows.common-controls_6595b64144ccf1df_6.0.22621.3672_none_2713b9d173822955;C:\Program Files\Android\Android Studio\jbr\bin\server

VM Arguments:
java_command: git4idea.http.GitAskPassApp Username for 'https://github.com': 
java_class_path (initial): C:/Program Files/Android/Android Studio/plugins/vcs-git/lib/git4idea-rt.jar;C:/Program Files/Android/Android Studio/lib/externalProcess-rt.jar
Launcher Type: SUN_STANDARD

[Global flags]
     intx CICompilerCount                          = 12                                        {product} {ergonomic}
     uint ConcGCThreads                            = 3                                         {product} {ergonomic}
     uint G1ConcRefinementThreads                  = 13                                        {product} {ergonomic}
   size_t G1HeapRegionSize                         = 4194304                                   {product} {ergonomic}
    uintx GCDrainStackTargetSize                   = 64                                        {product} {ergonomic}
   size_t InitialHeapSize                          = 528482304                                 {product} {ergonomic}
   size_t MarkStackSize                            = 4194304                                   {product} {ergonomic}
   size_t MaxHeapSize                              = 8417968128                                {product} {ergonomic}
   size_t MinHeapDeltaBytes                        = 4194304                                   {product} {ergonomic}
   size_t MinHeapSize                              = 8388608                                   {product} {ergonomic}
    uintx NonNMethodCodeHeapSize                   = 7602480                                {pd product} {ergonomic}
    uintx NonProfiledCodeHeapSize                  = 122027880                              {pd product} {ergonomic}
    uintx ProfiledCodeHeapSize                     = 122027880                              {pd product} {ergonomic}
    uintx ReservedCodeCacheSize                    = 251658240                              {pd product} {ergonomic}
     bool SegmentedCodeCache                       = true                                      {product} {ergonomic}
   size_t SoftMaxHeapSize                          = 8417968128                             {manageable} {ergonomic}
     bool UseCompressedClassPointers               = true                           {product lp64_product} {ergonomic}
     bool UseCompressedOops                        = true                           {product lp64_product} {ergonomic}
     bool UseG1GC                                  = true                                      {product} {ergonomic}
     bool UseLargePagesIndividualAllocation        = false                                  {pd product} {ergonomic}

Logging:
Log output configuration:
 #0: stdout all=warning uptime,level,tags
 #1: stderr all=off uptime,level,tags

Environment Variables:
JAVA_HOME=C:\Program Files\Android\Android Studio\jbr
PATH=C:\Program Files\Git\mingw64\libexec\git-core;C:\Program Files\Git\mingw64\libexec\git-core;C:\Program Files\Git\mingw64\bin;C:\Program Files\Git\usr\bin;C:\Users\ACER\bin;C:\Program Files (x86)\Common Files\Oracle\Java\javapath;C:\Program Files\Zulu\zulu-8\bin;C:\Windows\system32;C:\Windows;C:\Windows\System32\Wbem;C:\Windows\System32\WindowsPowerShell\v1.0;C:\Windows\System32\OpenSSH;C:\Program Files (x86)\NVIDIA Corporation\PhysX\Common;C:\Program Files\NVIDIA Corporation\NVIDIA NvDLISR;C:\WINDOWS\system32;C:\WINDOWS;C:\WINDOWS\System32\Wbem;C:\WINDOWS\System32\WindowsPowerShell\v1.0;C:\WINDOWS\System32\OpenSSH;C:\gradle-8.6\bin;C:\Program Files\Git\cmd;C:\xampp\php;C:\ProgramData\ComposerSetup\bin;C:\Program Files\Docker\Docker\resources\bin;C:\Users\ACER\AppData\Local\Microsoft\WindowsApps;C:\Program Files\JetBrains\IntelliJ IDEA Community Edition 2023.3.4\bin;C:\Users\ACER\AppData\Local\Programs\Microsoft VS Code\bin;C:\Users\ACER\AppData\Roaming\Composer\vendor\bin
USERNAME=ACER
DISPLAY=:0.0
LC_ALL=en_US.UTF-8
TERM=xterm-256color
TMPDIR=C:\Users\ACER\AppData\Local\Temp
OS=Windows_NT
PROCESSOR_IDENTIFIER=AMD64 Family 25 Model 80 Stepping 0, AuthenticAMD
TMP=C:\Users\ACER\AppData\Local\Temp
TEMP=C:\Users\ACER\AppData\Local\Temp



Periodic native trim disabled

JNI global refs:
JNI global refs: 0, weak refs: 0

JNI global refs memory usage: 0, weak refs: 0

OOME stack traces (most recent first):
Classloader memory used:


---------------  S Y S T E M  ---------------

OS:
 Windows 11 , 64 bit Build 22621 (10.0.22621.3672)
OS uptime: 3 days 21:08 hours
Hyper-V role detected

CPU: total 16 (initial active 16) (16 cores per cpu, 2 threads per core) family 25 model 80 stepping 0 microcode 0x0, cx8, cmov, fxsr, ht, mmx, 3dnowpref, sse, sse2, sse3, ssse3, sse4a, sse4.1, sse4.2, popcnt, lzcnt, tsc, tscinvbit, avx, avx2, aes, erms, clmul, bmi1, bmi2, adx, sha, fma, vzeroupper, clflush, clflushopt, hv
Processor Information for all 16 processors :
  Max Mhz: 3201, Current Mhz: 3201, Mhz Limit: 3201

Memory: 4k page, system-wide physical 32108M (8713M free)
TotalPageFile size 93013M (AvailPageFile size 217M)
current process WorkingSet (physical memory assigned to process): 12M, peak: 12M
current process commit charge ("private bytes"): 71M, peak: 575M

vm_info: OpenJDK 64-Bit Server VM (17.0.10+0--11572160) for windows-amd64 JRE (17.0.10+0--11572160), built on Mar 13 2024 23:56:38 by "androidbuild" with MS VC++ 16.10 / 16.11 (VS2019)

END.
